<?xml version="1.0" encoding="UTF-8"?>
<!-- Generated by org.testng.reporters.JUnitReportReporter -->
<testsuite hostname="WINCTRL-FFMOACO" name="com.quickride.scripts.Transfer" tests="1" failures="0" timestamp="29 Jul 2016 16:37:05 GMT" time="86.800" errors="0">
  <testcase name="testTransferWithNoAmount" time="86.800" classname="com.quickride.scripts.Transfer"/>
</testsuite> <!-- com.quickride.scripts.Transfer -->
